Microsoft (R) Macro Assembler Version 14.00.24210.0	    03/24/26 10:51:08
rectangle_test_scene.asm				     Page 1 - 1


				; // ==================================
				; // rectangle_test_scene.asm
				; // ----------------------------------
				; // Data defining a scene to test the rendering of RectComponents.
				; // ==================================

				INCLUDE default_header.inc
			      C .386
			      C .model flat, stdcall
			      C option casemap : none
			      C .stack 4096
			      C OPTION PROC : PRIVATE
			      C 
				INCLUDE rectangle_test_scene.inc
			      C ; // ==================================
			      C ; // rectangle_test_scene.inc
			      C ; // ----------------------------------
			      C ; // Exposes the data pointer to the scene data described
			      C ; // in rectangle_test_scene.asm
			      C ; // ==================================
			      C 
			      C IFNDEF RECTANGLE_TEST_SCENE
 = 00000001		      C RECTANGLE_TEST_SCENE EQU 1
			      C 
			      C EXTERNDEF RectTestScene_Data : BYTE 
			      C 
			      C ENDIF
			      C 

 00000000			.data
 00000000			RectTestScene_Data LABEL BYTE ; // The label is set to BYTE so the data can be traversed with flexibility
 00000000  00000001			DWORD 1 ; // Just some test values
 00000004  00000002			DWORD 2
 00000008  00000003			DWORD 3

				END
Microsoft (R) Macro Assembler Version 14.00.24210.0	    03/24/26 10:51:08
rectangle_test_scene.asm				     Symbols 2 - 1




Segments and Groups:

                N a m e                 Size     Length   Align   Combine Class

FLAT . . . . . . . . . . . . . .	GROUP
STACK  . . . . . . . . . . . . .	32 Bit	 00001000 DWord	  Stack	  'STACK'	 
_DATA  . . . . . . . . . . . . .	32 Bit	 0000000C DWord	  Public  'DATA'	
_TEXT  . . . . . . . . . . . . .	32 Bit	 00000000 DWord	  Public  'CODE'	


Symbols:

                N a m e                 Type     Value    Attr

@CodeSize  . . . . . . . . . . .	Number	 00000000h   
@DataSize  . . . . . . . . . . .	Number	 00000000h   
@Interface . . . . . . . . . . .	Number	 00000003h   
@Model . . . . . . . . . . . . .	Number	 00000007h   
@code  . . . . . . . . . . . . .	Text   	 _TEXT
@data  . . . . . . . . . . . . .	Text   	 FLAT
@fardata?  . . . . . . . . . . .	Text   	 FLAT
@fardata . . . . . . . . . . . .	Text   	 FLAT
@stack . . . . . . . . . . . . .	Text   	 FLAT
RECTANGLE_TEST_SCENE . . . . . .	Number	 00000001h   
RectTestScene_Data . . . . . . .	Byte	 00000000 _DATA	Public STDCALL

	   0 Warnings
	   0 Errors
